[0m17:14:56.188270 [debug] [MainThread]: Got an exception trying to initialize tracking


============================== 17:14:56.214166 | f59ea6cb-aaeb-4743-a165-e5b7ad8c86f2 ==============================
[0m17:14:56.214166 [info ] [MainThread]: Running with dbt=1.11.12
[0m17:14:56.214618 [debug] [MainThread]: running dbt with arguments {'debug': 'False', 'profiles_dir': '/Users/sachin/.dbt', 'fail_fast': 'False', 'cache_selected_only': 'False', 'indirect_selection': 'eager', 'warn_error_options': 'WarnErrorOptionsV2(error=[], warn=[], silence=[])', 'log_cache_events': 'False', 'warn_error': 'None', 'send_anonymous_usage_stats': 'True', 'no_print': 'None', 'log_path': 'logs', 'write_json': 'True', 'empty': 'None', 'version_check': 'True', 'static_parser': 'True', 'use_experimental_parser': 'False', 'invocation_command': 'dbt init', 'use_colors': 'True', 'introspect': 'True', 'printer_width': '80', 'target_path': 'None', 'quiet': 'False', 'log_format': 'default', 'partial_parse': 'True'}
[0m17:15:17.135108 [debug] [MainThread]: Starter project path: /Users/sachin/Documents/Python/BDT-DE/.venv/lib/python3.11/site-packages/dbt/include/starter_project
[0m17:15:17.144806 [info ] [MainThread]: 
Your new dbt project "walmart_de" was created!

For more information on how to configure the profiles.yml file,
please consult the dbt documentation here:

  https://docs.getdbt.com/docs/configure-your-profile

One more thing:

Need help? Don't hesitate to reach out to us via GitHub issues or on Slack:

  https://community.getdbt.com/

Happy modeling!

[0m17:15:17.145653 [info ] [MainThread]: Setting up your profile.
[0m17:15:27.607320 [debug] [MainThread]: Spark adapter: Setting pyhive.hive logging to ERROR
[0m17:15:27.607527 [debug] [MainThread]: Spark adapter: Setting thrift.transport logging to ERROR
[0m17:15:27.607649 [debug] [MainThread]: Spark adapter: Setting thrift.protocol logging to ERROR
[0m17:19:19.748060 [info ] [MainThread]: Profile walmart_de written to /Users/sachin/.dbt/profiles.yml using target's profile_template.yml and your supplied values. Run 'dbt debug' to validate the connection.
[0m17:19:19.749562 [debug] [MainThread]: Resource report: {"command_name": "init", "command_success": true, "command_wall_clock_time": 263.58658, "process_in_blocks": "0", "process_kernel_time": 0.639354, "process_mem_max_rss": "322994176", "process_out_blocks": "0", "process_user_time": 2.893408}
[0m17:19:19.750497 [debug] [MainThread]: Command `dbt init` succeeded at 17:19:19.750366 after 263.59 seconds
[0m17:19:19.750880 [debug] [MainThread]: Flushing usage events
[0m17:56:20.334127 [debug] [MainThread]: Got an exception trying to initialize tracking


============================== 17:56:20.346570 | 9008b958-a1e7-4a69-bb75-c73a032b21a5 ==============================
[0m17:56:20.346570 [info ] [MainThread]: Running with dbt=1.11.12
[0m17:56:20.346985 [debug] [MainThread]: running dbt with arguments {'version_check': 'True', 'debug': 'False', 'invocation_command': 'dbt run', 'fail_fast': 'False', 'log_format': 'default', 'empty': 'False', 'target_path': 'None', 'warn_error_options': 'WarnErrorOptionsV2(error=[], warn=[], silence=[])', 'use_experimental_parser': 'False', 'send_anonymous_usage_stats': 'True', 'quiet': 'False', 'printer_width': '80', 'no_print': 'None', 'log_path': 'logs', 'warn_error': 'None', 'static_parser': 'True', 'partial_parse': 'True', 'introspect': 'True', 'indirect_selection': 'eager', 'use_colors': 'True', 'cache_selected_only': 'False', 'profiles_dir': '/Users/sachin/.dbt', 'write_json': 'True', 'log_cache_events': 'False'}
[0m17:56:20.347249 [error] [MainThread]: Encountered an error:
Runtime Error
  No dbt_project.yml found at expected path /Users/sachin/Documents/Python/BDT-DE/dbt_project.yml
  Verify that each entry within packages.yml (and their transitive dependencies) contains a file named dbt_project.yml
  
[0m17:56:20.347528 [debug] [MainThread]: Resource report: {"command_name": "run", "command_success": false, "command_wall_clock_time": 0.029690292, "process_in_blocks": "0", "process_kernel_time": 0.099601, "process_mem_max_rss": "109838336", "process_out_blocks": "0", "process_user_time": 0.431803}
[0m17:56:20.348388 [debug] [MainThread]: Command `dbt run` failed at 17:56:20.348350 after 0.03 seconds
[0m17:56:20.348516 [debug] [MainThread]: Flushing usage events
[0m18:10:41.554491 [debug] [MainThread]: Got an exception trying to initialize tracking


============================== 18:10:41.568306 | 5fbf2f74-7dd0-48c8-bdbb-ef0aaa449b38 ==============================
[0m18:10:41.568306 [info ] [MainThread]: Running with dbt=1.11.12
[0m18:10:41.568724 [debug] [MainThread]: running dbt with arguments {'log_format': 'default', 'introspect': 'True', 'version_check': 'True', 'invocation_command': 'dbt debug', 'write_json': 'True', 'empty': 'None', 'use_experimental_parser': 'False', 'printer_width': '80', 'target_path': 'None', 'use_colors': 'True', 'fail_fast': 'False', 'log_path': 'logs', 'partial_parse': 'True', 'warn_error_options': 'WarnErrorOptionsV2(error=[], warn=[], silence=[])', 'cache_selected_only': 'False', 'no_print': 'None', 'warn_error': 'None', 'debug': 'False', 'log_cache_events': 'False', 'indirect_selection': 'eager', 'static_parser': 'True', 'quiet': 'False', 'profiles_dir': '/Users/sachin/.dbt', 'send_anonymous_usage_stats': 'True'}
[0m18:10:41.577662 [info ] [MainThread]: dbt version: 1.11.12
[0m18:10:41.577830 [info ] [MainThread]: python version: 3.11.14
[0m18:10:41.578018 [info ] [MainThread]: python path: /Users/sachin/Documents/Python/BDT-DE/.venv/bin/python3
[0m18:10:41.578125 [info ] [MainThread]: os info: macOS-26.5.1-arm64-arm-64bit
[0m18:10:41.895170 [debug] [MainThread]: Spark adapter: Setting pyhive.hive logging to ERROR
[0m18:10:41.895374 [debug] [MainThread]: Spark adapter: Setting thrift.transport logging to ERROR
[0m18:10:41.895481 [debug] [MainThread]: Spark adapter: Setting thrift.protocol logging to ERROR
[0m18:10:42.178784 [info ] [MainThread]: Using profiles dir at /Users/sachin/.dbt
[0m18:10:42.179114 [info ] [MainThread]: Using profiles.yml file at /Users/sachin/.dbt/profiles.yml
[0m18:10:42.179233 [info ] [MainThread]: Using dbt_project.yml file at /Users/sachin/Documents/Python/BDT-DE/dbt_project.yml
[0m18:10:42.179335 [info ] [MainThread]: adapter type: databricks
[0m18:10:42.179426 [info ] [MainThread]: adapter version: 1.12.2
[0m18:10:42.179524 [info ] [MainThread]: Configuration:
[0m18:10:42.179609 [info ] [MainThread]:   profiles.yml file [[32mOK found and valid[0m]
[0m18:10:42.179695 [info ] [MainThread]:   dbt_project.yml file [[31mERROR not found[0m]
[0m18:10:42.179778 [info ] [MainThread]: Required dependencies:
[0m18:10:42.179935 [debug] [MainThread]: Executing "git --help"
[0m18:10:42.197051 [debug] [MainThread]: STDOUT: "b"usage: git [-v | --version] [-h | --help] [-C <path>] [-c <name>=<value>]\n           [--exec-path[=<path>]] [--html-path] [--man-path] [--info-path]\n           [-p | --paginate | -P | --no-pager] [--no-replace-objects] [--no-lazy-fetch]\n           [--no-optional-locks] [--no-advice] [--bare] [--git-dir=<path>]\n           [--work-tree=<path>] [--namespace=<name>] [--config-env=<name>=<envvar>]\n           <command> [<args>]\n\nThese are common Git commands used in various situations:\n\nstart a working area (see also: git help tutorial)\n   clone      Clone a repository into a new directory\n   init       Create an empty Git repository or reinitialize an existing one\n\nwork on the current change (see also: git help everyday)\n   add        Add file contents to the index\n   mv         Move or rename a file, a directory, or a symlink\n   restore    Restore working tree files\n   rm         Remove files from the working tree and from the index\n\nexamine the history and state (see also: git help revisions)\n   bisect     Use binary search to find the commit that introduced a bug\n   diff       Show changes between commits, commit and working tree, etc\n   grep       Print lines matching a pattern\n   log        Show commit logs\n   show       Show various types of objects\n   status     Show the working tree status\n\ngrow, mark and tweak your common history\n   backfill   Download missing objects in a partial clone\n   branch     List, create, or delete branches\n   commit     Record changes to the repository\n   history    EXPERIMENTAL: Rewrite history\n   merge      Join two or more development histories together\n   rebase     Reapply commits on top of another base tip\n   reset      Set `HEAD` or the index to a known state\n   switch     Switch branches\n   tag        Create, list, delete or verify tags\n\ncollaborate (see also: git help workflows)\n   fetch      Download objects and refs from another repository\n   pull       Fetch from and integrate with another repository or a local branch\n   push       Update remote refs along with associated objects\n\n'git help -a' and 'git help -g' list available subcommands and some\nconcept guides. See 'git help <command>' or 'git help <concept>'\nto read about a specific subcommand or concept.\nSee 'git help git' for an overview of the system.\n""
[0m18:10:42.197484 [debug] [MainThread]: STDERR: "b''"
[0m18:10:42.197615 [info ] [MainThread]:  - git [[32mOK found[0m]

[0m18:10:42.197735 [info ] [MainThread]: Connection:
[0m18:10:42.197879 [info ] [MainThread]:   host: dbc-1604eacc-9be3.cloud.databricks.com
[0m18:10:42.197970 [info ] [MainThread]:   http_path: /sql/1.0/warehouses/606a42fcb2a76724
[0m18:10:42.198059 [info ] [MainThread]:   catalog: walmart
[0m18:10:42.198149 [info ] [MainThread]:   schema: dbt_schema
[0m18:10:42.198451 [info ] [MainThread]: Registered adapter: databricks=1.12.2
[0m18:10:42.254944 [debug] [MainThread]: Databricks adapter: DatabricksDBTConnection(session-id=None, name=debug) - Creating connection
[0m18:10:42.255194 [debug] [MainThread]: Acquiring new databricks connection 'debug'
[0m18:10:43.515373 [info ] [MainThread]: Databricks adapter:   SPOG host (host_type='workspace'): no
[0m18:10:43.516096 [info ] [MainThread]: Databricks adapter:   workspace_id (from ?o= in http_path): None
[0m18:10:43.516501 [info ] [MainThread]: Databricks adapter:   databricks-sql-connector version: 4.3.0 (supported)
[0m18:10:43.516830 [info ] [MainThread]: Databricks adapter:   databricks-sdk version: 0.117.0 (supported)
[0m18:10:43.517221 [debug] [MainThread]: Using databricks connection "debug"
[0m18:10:43.517493 [debug] [MainThread]: On debug: select 1 as id
[0m18:10:43.517762 [debug] [MainThread]: Opening a new connection, currently in state init
[0m18:10:47.188475 [debug] [MainThread]: Databricks adapter: Connection(session-id=01f17d25-bcb7-1a93-810a-8359d528710c) - Created
[0m18:10:47.660139 [debug] [MainThread]: SQL status: OK in 4.140 seconds
[0m18:10:47.662017 [debug] [MainThread]: Databricks adapter: Cursor(session-id=01f17d25-bcb7-1a93-810a-8359d528710c, command-id=01f17d25-bda0-1593-9563-231e003cd56f) - Closing
[0m18:10:47.662640 [debug] [MainThread]: On debug: Close
[0m18:10:47.662976 [debug] [MainThread]: Databricks adapter: Connection(session-id=01f17d25-bcb7-1a93-810a-8359d528710c) - Closing
[0m18:10:48.020323 [info ] [MainThread]:   Connection test: [[32mOK connection ok[0m]

[0m18:10:48.021200 [info ] [MainThread]: [31m1 check failed:[0m
[0m18:10:48.021554 [info ] [MainThread]: Project loading failed for the following reason:
 project path </Users/sachin/Documents/Python/BDT-DE/dbt_project.yml> not found

[0m18:10:48.022331 [debug] [MainThread]: Resource report: {"command_name": "debug", "command_success": false, "command_wall_clock_time": 6.484651, "process_in_blocks": "0", "process_kernel_time": 0.19204, "process_mem_max_rss": "245514240", "process_out_blocks": "0", "process_user_time": 1.018619}
[0m18:10:48.022919 [debug] [MainThread]: Command `dbt debug` failed at 18:10:48.022794 after 6.49 seconds
[0m18:10:48.023423 [debug] [MainThread]: Flushing usage events
